[0m13:03:19.940679 [debug] [MainThread]: Sending event: {'category': 'dbt', 'action': 'invocation', 'label': 'start', 'context': [<snowplow_tracker.self_describing_json.SelfDescribingJson object at 0x00000173133A8590>, <snowplow_tracker.self_describing_json.SelfDescribingJson object at 0x0000017310BA87D0>, <snowplow_tracker.self_describing_json.SelfDescribingJson object at 0x00000173155FB9D0>]}


============================== 13:03:19.943968 | 0b66ee47-caf6-4089-97fe-72435d9dac7e ==============================
[0m13:03:19.943968 [info ] [MainThread]: Running with dbt=1.11.8
[0m13:03:19.944770 [debug] [MainThread]: running dbt with arguments {'static_parser': 'True', 'no_print': 'None', 'version_check': 'True', 'target_path': 'None', 'warn_error_options': 'WarnErrorOptionsV2(error=[], warn=[], silence=[])', 'printer_width': '80', 'write_json': 'True', 'empty': 'None', 'log_cache_events': 'False', 'introspect': 'True', 'cache_selected_only': 'False', 'log_format': 'default', 'debug': 'False', 'fail_fast': 'False', 'profiles_dir': 'C:\\Users\\steve\\.dbt', 'send_anonymous_usage_stats': 'True', 'quiet': 'False', 'warn_error': 'None', 'partial_parse': 'True', 'invocation_command': 'dbt init lol_models', 'use_colors': 'True', 'indirect_selection': 'eager', 'use_experimental_parser': 'False', 'log_path': 'logs'}
[0m13:03:19.958612 [info ] [MainThread]: Creating dbt configuration folder at C:\Users\steve\.dbt
[0m13:03:19.960372 [debug] [MainThread]: Starter project path: c:\Users\steve\Desktop\Python Projektek\Lol_Data_Project\.venv\Lib\site-packages\dbt\include\starter_project
[0m13:03:19.978717 [info ] [MainThread]: 
Your new dbt project "lol_models" was created!

For more information on how to configure the profiles.yml file,
please consult the dbt documentation here:

  https://docs.getdbt.com/docs/configure-your-profile

One more thing:

Need help? Don't hesitate to reach out to us via GitHub issues or on Slack:

  https://community.getdbt.com/

Happy modeling!

[0m13:03:19.979205 [info ] [MainThread]: Setting up your profile.
[0m13:07:50.851829 [info ] [MainThread]: Profile lol_models written to C:\Users\steve\.dbt\profiles.yml using target's profile_template.yml and your supplied values. Run 'dbt debug' to validate the connection.
[0m13:07:50.853012 [debug] [MainThread]: Command `dbt init` succeeded at 13:07:50.852916 after 270.99 seconds
[0m13:07:50.853258 [debug] [MainThread]: Sending event: {'category': 'dbt', 'action': 'invocation', 'label': 'end', 'context': [<snowplow_tracker.self_describing_json.SelfDescribingJson object at 0x000001732F3DCFC0>, <snowplow_tracker.self_describing_json.SelfDescribingJson object at 0x000001732F327530>, <snowplow_tracker.self_describing_json.SelfDescribingJson object at 0x000001732F3787C0>]}
[0m13:07:50.853552 [debug] [MainThread]: Flushing usage events
[0m13:07:51.639704 [debug] [MainThread]: An error was encountered while trying to flush usage events
[0m17:46:17.536219 [debug] [MainThread]: Sending event: {'category': 'dbt', 'action': 'invocation', 'label': 'start', 'context': [<snowplow_tracker.self_describing_json.SelfDescribingJson object at 0x00000209FA0A8590>, <snowplow_tracker.self_describing_json.SelfDescribingJson object at 0x00000209F78A87D0>, <snowplow_tracker.self_describing_json.SelfDescribingJson object at 0x00000209FC3539D0>]}


============================== 17:46:17.540422 | ae273a30-0cc2-4e26-a05f-e56f81ce5313 ==============================
[0m17:46:17.540422 [info ] [MainThread]: Running with dbt=1.11.8
[0m17:46:17.540867 [debug] [MainThread]: running dbt with arguments {'static_parser': 'True', 'no_print': 'None', 'version_check': 'True', 'warn_error_options': 'WarnErrorOptionsV2(error=[], warn=[], silence=[])', 'target_path': 'None', 'printer_width': '80', 'write_json': 'True', 'introspect': 'True', 'log_cache_events': 'False', 'empty': 'False', 'cache_selected_only': 'False', 'log_format': 'default', 'debug': 'False', 'fail_fast': 'False', 'profiles_dir': 'C:\\Users\\steve\\.dbt', 'send_anonymous_usage_stats': 'True', 'quiet': 'False', 'warn_error': 'None', 'partial_parse': 'True', 'indirect_selection': 'eager', 'use_colors': 'True', 'invocation_command': 'dbt run', 'use_experimental_parser': 'False', 'log_path': 'logs'}
[0m17:46:17.541265 [error] [MainThread]: Encountered an error:
Runtime Error
  No dbt_project.yml found at expected path C:\Users\steve\Desktop\Python Projektek\Lol_Data_Project\dbt_project.yml
  Verify that each entry within packages.yml (and their transitive dependencies) contains a file named dbt_project.yml
  
[0m17:46:17.541915 [debug] [MainThread]: Command `dbt run` failed at 17:46:17.541830 after 0.08 seconds
[0m17:46:17.542157 [debug] [MainThread]: Sending event: {'category': 'dbt', 'action': 'invocation', 'label': 'end', 'context': [<snowplow_tracker.self_describing_json.SelfDescribingJson object at 0x00000209FC2ED5B0>, <snowplow_tracker.self_describing_json.SelfDescribingJson object at 0x00000209FC38CEF0>, <snowplow_tracker.self_describing_json.SelfDescribingJson object at 0x00000209FB1AB680>]}
[0m17:46:17.542420 [debug] [MainThread]: Flushing usage events
[0m17:46:18.527757 [debug] [MainThread]: An error was encountered while trying to flush usage events
[0m13:04:19.302611 [debug] [MainThread]: Sending event: {'category': 'dbt', 'action': 'invocation', 'label': 'start', 'context': [<snowplow_tracker.self_describing_json.SelfDescribingJson object at 0x0000022178D08590>, <snowplow_tracker.self_describing_json.SelfDescribingJson object at 0x00000221765287D0>, <snowplow_tracker.self_describing_json.SelfDescribingJson object at 0x000002217AFB79D0>]}


============================== 13:04:19.306116 | 167469af-14f2-4a55-b8ac-6624e37f20b6 ==============================
[0m13:04:19.306116 [info ] [MainThread]: Running with dbt=1.11.8
[0m13:04:19.306553 [debug] [MainThread]: running dbt with arguments {'static_parser': 'True', 'no_print': 'None', 'version_check': 'True', 'target_path': 'None', 'warn_error_options': 'WarnErrorOptionsV2(error=[], warn=[], silence=[])', 'printer_width': '80', 'write_json': 'True', 'empty': 'False', 'log_cache_events': 'False', 'introspect': 'True', 'cache_selected_only': 'False', 'fail_fast': 'False', 'debug': 'False', 'log_format': 'default', 'profiles_dir': 'C:\\Users\\steve\\.dbt', 'send_anonymous_usage_stats': 'True', 'quiet': 'False', 'warn_error': 'None', 'partial_parse': 'True', 'invocation_command': 'dbt run', 'use_colors': 'True', 'indirect_selection': 'eager', 'use_experimental_parser': 'False', 'log_path': 'logs'}
[0m13:04:19.306855 [error] [MainThread]: Encountered an error:
Runtime Error
  No dbt_project.yml found at expected path C:\Users\steve\Desktop\Python Projektek\Lol_Data_Project\dbt_project.yml
  Verify that each entry within packages.yml (and their transitive dependencies) contains a file named dbt_project.yml
  
[0m13:04:19.307406 [debug] [MainThread]: Command `dbt run` failed at 13:04:19.307333 after 0.08 seconds
[0m13:04:19.307607 [debug] [MainThread]: Sending event: {'category': 'dbt', 'action': 'invocation', 'label': 'end', 'context': [<snowplow_tracker.self_describing_json.SelfDescribingJson object at 0x000002217AF4D5B0>, <snowplow_tracker.self_describing_json.SelfDescribingJson object at 0x000002217AFECEF0>, <snowplow_tracker.self_describing_json.SelfDescribingJson object at 0x0000022179E0B680>]}
[0m13:04:19.307807 [debug] [MainThread]: Flushing usage events
[0m13:04:20.241540 [debug] [MainThread]: An error was encountered while trying to flush usage events
[0m16:25:13.451601 [debug] [MainThread]: Sending event: {'category': 'dbt', 'action': 'invocation', 'label': 'start', 'context': [<snowplow_tracker.self_describing_json.SelfDescribingJson object at 0x0000021C9B0BC590>, <snowplow_tracker.self_describing_json.SelfDescribingJson object at 0x0000021C988A87D0>, <snowplow_tracker.self_describing_json.SelfDescribingJson object at 0x0000021C9D3639D0>]}


============================== 16:25:13.454856 | 268909bf-8e29-484a-8385-acb3000e0592 ==============================
[0m16:25:13.454856 [info ] [MainThread]: Running with dbt=1.11.8
[0m16:25:13.455340 [debug] [MainThread]: running dbt with arguments {'version_check': 'True', 'no_print': 'None', 'static_parser': 'True', 'warn_error_options': 'WarnErrorOptionsV2(error=[], warn=[], silence=[])', 'target_path': 'None', 'printer_width': '80', 'write_json': 'True', 'introspect': 'True', 'log_cache_events': 'False', 'empty': 'None', 'cache_selected_only': 'False', 'log_format': 'default', 'debug': 'False', 'fail_fast': 'False', 'profiles_dir': 'C:\\Users\\steve\\.dbt', 'send_anonymous_usage_stats': 'True', 'quiet': 'False', 'warn_error': 'None', 'partial_parse': 'True', 'use_colors': 'True', 'indirect_selection': 'eager', 'invocation_command': 'dbt test', 'use_experimental_parser': 'False', 'log_path': 'logs'}
[0m16:25:13.455695 [error] [MainThread]: Encountered an error:
Runtime Error
  No dbt_project.yml found at expected path C:\Users\steve\Desktop\Python Projektek\Lol_Data_Project\dbt_project.yml
  Verify that each entry within packages.yml (and their transitive dependencies) contains a file named dbt_project.yml
  
[0m16:25:13.456333 [debug] [MainThread]: Command `dbt test` failed at 16:25:13.456249 after 0.11 seconds
[0m16:25:13.456543 [debug] [MainThread]: Sending event: {'category': 'dbt', 'action': 'invocation', 'label': 'end', 'context': [<snowplow_tracker.self_describing_json.SelfDescribingJson object at 0x0000021C9D2FD5B0>, <snowplow_tracker.self_describing_json.SelfDescribingJson object at 0x0000021C9D39CEF0>, <snowplow_tracker.self_describing_json.SelfDescribingJson object at 0x0000021C9C1BB680>]}
[0m16:25:13.456741 [debug] [MainThread]: Flushing usage events
[0m16:25:14.273817 [debug] [MainThread]: An error was encountered while trying to flush usage events
